0 info it worked if it ends with ok
1 verbose cli [ 'C:\\Program Files\\nodejs\\node.exe',
1 verbose cli   'C:\\Program Files\\nodejs\\node_modules\\npm\\bin\\npm-cli.js',
1 verbose cli   'publish' ]
2 info using npm@4.1.2
3 info using node@v7.6.0
4 verbose publish [ '.' ]
5 silly cache add args [ '.', null ]
6 verbose cache add spec .
7 silly cache add parsed spec Result {
7 silly cache add   raw: '.',
7 silly cache add   scope: null,
7 silly cache add   escapedName: null,
7 silly cache add   name: null,
7 silly cache add   rawSpec: '.',
7 silly cache add   spec: 'C:\\Users\\fangwentian\\Desktop\\popt',
7 silly cache add   type: 'directory' }
8 verbose addLocalDirectory C:\Users\fangwentian\AppData\Roaming\npm-cache\popt\0.0.5\package.tgz not in flight; packing
9 verbose correctMkdir C:\Users\fangwentian\AppData\Roaming\npm-cache correctMkdir not in flight; initializing
10 info lifecycle popt@0.0.5~prepublish: popt@0.0.5
11 silly lifecycle popt@0.0.5~prepublish: no script for prepublish, continuing
12 info lifecycle popt@0.0.5~prepare: popt@0.0.5
13 silly lifecycle popt@0.0.5~prepare: no script for prepare, continuing
14 verbose tar pack [ 'C:\\Users\\fangwentian\\AppData\\Roaming\\npm-cache\\popt\\0.0.5\\package.tgz',
14 verbose tar pack   'C:\\Users\\fangwentian\\Desktop\\popt' ]
15 verbose tarball C:\Users\fangwentian\AppData\Roaming\npm-cache\popt\0.0.5\package.tgz
16 verbose folder C:\Users\fangwentian\Desktop\popt
17 verbose addLocalTarball adding from inside cache C:\Users\fangwentian\AppData\Roaming\npm-cache\popt\0.0.5\package.tgz
18 verbose correctMkdir C:\Users\fangwentian\AppData\Roaming\npm-cache correctMkdir not in flight; initializing
19 silly cache afterAdd popt@0.0.5
20 verbose afterAdd C:\Users\fangwentian\AppData\Roaming\npm-cache\popt\0.0.5\package\package.json not in flight; writing
21 verbose correctMkdir C:\Users\fangwentian\AppData\Roaming\npm-cache correctMkdir not in flight; initializing
22 verbose afterAdd C:\Users\fangwentian\AppData\Roaming\npm-cache\popt\0.0.5\package\package.json written
23 silly publish { name: 'popt',
23 silly publish   version: '0.0.5',
23 silly publish   description: 'toolkit for kaola POP',
23 silly publish   main: 'index.js',
23 silly publish   scripts: { test: 'echo "Error: no test specified" && exit 1' },
23 silly publish   author: '',
23 silly publish   license: 'MIT',
23 silly publish   dependencies: { chalk: '^2.0.1', 'fs-extra': '^3.0.1', yargs: '^8.0.2' },
23 silly publish   bin: { pt: './command/index.js' },
23 silly publish   readme: '# popt\r\nPOP toolkit\r\n',
23 silly publish   readmeFilename: 'README.md',
23 silly publish   gitHead: '8ffb8e4d7bf26491e5b9fac545ee8d2a198d8b6f',
23 silly publish   _id: 'popt@0.0.5',
23 silly publish   _shasum: '1f3058e318b2a9ef39e7cb9ca7533eb50e39d302',
23 silly publish   _from: '.' }
24 info lifecycle popt@0.0.5~prepublishOnly: popt@0.0.5
25 silly lifecycle popt@0.0.5~prepublishOnly: no script for prepublishOnly, continuing
26 verbose getPublishConfig undefined
27 silly mapToRegistry name popt
28 silly mapToRegistry using default registry
29 silly mapToRegistry registry https://registry.npmjs.org/
30 silly mapToRegistry data Result {
30 silly mapToRegistry   raw: 'popt',
30 silly mapToRegistry   scope: null,
30 silly mapToRegistry   escapedName: 'popt',
30 silly mapToRegistry   name: 'popt',
30 silly mapToRegistry   rawSpec: '',
30 silly mapToRegistry   spec: 'latest',
30 silly mapToRegistry   type: 'tag' }
31 silly mapToRegistry uri https://registry.npmjs.org/popt
32 verbose publish registryBase https://registry.npmjs.org/
33 silly publish uploading C:\Users\fangwentian\AppData\Roaming\npm-cache\popt\0.0.5\package.tgz
34 verbose request uri https://registry.npmjs.org/popt
35 verbose request sending authorization for write operation
36 info attempt registry request try #1 at 00:48:11
37 verbose request using bearer token for auth
38 verbose request id 24d88d8a2c049046
39 http request PUT https://registry.npmjs.org/popt
40 http 403 https://registry.npmjs.org/popt
41 verbose headers { 'content-type': 'application/json',
41 verbose headers   'cache-control': 'max-age=300',
41 verbose headers   'content-length': '95',
41 verbose headers   'accept-ranges': 'bytes',
41 verbose headers   date: 'Mon, 03 Jul 2017 16:51:24 GMT',
41 verbose headers   via: '1.1 varnish',
41 verbose headers   connection: 'keep-alive',
41 verbose headers   'x-served-by': 'cache-nrt6132-NRT',
41 verbose headers   'x-cache': 'MISS',
41 verbose headers   'x-cache-hits': '0',
41 verbose headers   'x-timer': 'S1499100684.936796,VS0,VE670',
41 verbose headers   vary: 'Accept-Encoding' }
42 verbose request invalidating C:\Users\fangwentian\AppData\Roaming\npm-cache\registry.npmjs.org\popt on PUT
43 error publish Failed PUT 403
44 verbose stack Error: "You cannot publish over the previously published version 0.0.5." : popt
44 verbose stack     at makeError (C:\Program Files\nodejs\node_modules\npm\node_modules\npm-registry-client\lib\request.js:304:12)
44 verbose stack     at CachingRegistryClient.<anonymous> (C:\Program Files\nodejs\node_modules\npm\node_modules\npm-registry-client\lib\request.js:292:14)
44 verbose stack     at Request._callback (C:\Program Files\nodejs\node_modules\npm\node_modules\npm-registry-client\lib\request.js:212:14)
44 verbose stack     at Request.self.callback (C:\Program Files\nodejs\node_modules\npm\node_modules\request\request.js:186:22)
44 verbose stack     at emitTwo (events.js:106:13)
44 verbose stack     at Request.emit (events.js:192:7)
44 verbose stack     at Request.<anonymous> (C:\Program Files\nodejs\node_modules\npm\node_modules\request\request.js:1081:10)
44 verbose stack     at emitOne (events.js:96:13)
44 verbose stack     at Request.emit (events.js:189:7)
44 verbose stack     at IncomingMessage.<anonymous> (C:\Program Files\nodejs\node_modules\npm\node_modules\request\request.js:1001:12)
45 verbose statusCode 403
46 verbose pkgid popt
47 verbose cwd C:\Users\fangwentian\Desktop\popt
48 error Windows_NT 10.0.14393
49 error argv "C:\\Program Files\\nodejs\\node.exe" "C:\\Program Files\\nodejs\\node_modules\\npm\\bin\\npm-cli.js" "publish"
50 error node v7.6.0
51 error npm  v4.1.2
52 error code E403
53 error "You cannot publish over the previously published version 0.0.5." : popt
54 error If you need help, you may report this error at:
54 error     <https://github.com/npm/npm/issues>
55 verbose exit [ 1, true ]
